Arguments: 
  C:\Program Files\nodejs\node.exe C:\Program Files (x86)\Yarn\bin\yarn.js install

PATH: 
  C:\Windows\system32;C:\Windows;C:\Windows\System32\Wbem;C:\Windows\System32\WindowsPowerShell\v1.0\;C:\Program Files (x86)\NVIDIA Corporation\PhysX\Common;C:\WINDOWS\system32;C:\WINDOWS;C:\WINDOWS\System32\Wbem;C:\WINDOWS\System32\WindowsPowerShell\v1.0\;C:\WINDOWS\System32\OpenSSH\;C:\Program Files\Git\cmd;C:\Program Files\Microsoft VS Code\bin;C:\Program Files\nodejs\;C:\MinGW\bin;C:\Python27;C:\Program Files\NVIDIA Corporation\NVIDIA NvDLISR;C:\Program Files\Java\jdk-11.0.2\bin;C:\Program Files (x86)\Yarn\bin\;C:\Users\BootyxxBoi\AppData\Local\Microsoft\WindowsApps;C:\Program Files\Microsoft VS Code\bin;C:\Users\BootyxxBoi\AppData\Roaming\npm;C:\Program Files\JetBrains\IntelliJ IDEA 2018.3.4\bin;;C:\Users\BootyxxBoi\AppData\Local\Yarn\bin;C:\Program Files\PostgreSQL\11\bin;

Yarn version: 
  1.13.0

Node version: 
  8.11.3

Platform: 
  win32 x64

Trace: 
  Error: getaddrinfo ENOTFOUND registry.yarnpkg.com registry.yarnpkg.com:443
      at errnoException (dns.js:50:10)
      at GetAddrInfoReqWrap.onlookup [as oncomplete] (dns.js:92:26)

npm manifest: 
  {
  	"name": "testing-challenge",
  	"version": "1.0.0",
  	"description": "Testing Sprint Challenge",
  	"main": "index.js",
  	"scripts": {
  		"test": "jest --watch --verbose",
  		"start": "nodemon index.js"
  	},
  	"repository": {
  		"type": "git",
  		"url": "git+https://github.com/LambdaSchool/Sprint-Challenge--Testing.git"
  	},
  	"keywords": [],
  	"author": "Lambda School",
  	"license": "ISC",
  	"bugs": {
  		"url": "https://github.com/LambdaSchool/Sprint-Challenge--Testing/issues"
  	},
  	"homepage": "https://github.com/LambdaSchool/Sprint-Challenge--Testing#readme",
  	"dependencies": {
  		"express": "^4.16.4"
  	},
  	"devDependencies": {
  		"jest": "^23.6.0",
  		"supertest": "^3.3.0"
  	}
  }

yarn manifest: 
  No manifest

Lockfile: 
  No lockfile
